<?xml version="1.0" encoding="UTF-8"?>
<Site BuildName="(empty)"
	BuildStamp="20240424-1944-Experimental"
	Name="(empty)"
	Generator="ctest-3.28.0-msvc1"
	CompilerName=""
	CompilerVersion=""
	OSName="Windows"
	Hostname="EmrePC"
	OSRelease=" Professional"
	OSVersion=" (Build 22631)"
	OSPlatform="AMD64"
	Is64Bits="1"
	VendorString="AuthenticAMD"
	VendorID="Advanced Micro Devices"
	FamilyID="15"
	ModelID="1"
	ProcessorCacheSize="64"
	NumberOfLogicalCPU="12"
	NumberOfPhysicalCPU="6"
	TotalVirtualMemory="34742"
	TotalPhysicalMemory="32694"
	LogicalProcessorsPerPhysical="2"
	ProcessorClockFrequency="3700"
	>
	<Testing>
		<StartDateTime>Apr 24 21:44 Mitteleurop[NON-UTF-8-BYTE-0xE4]ische Sommerzeit</StartDateTime>
		<StartTestTime>1713987875</StartTestTime>
		<TestList/>
		<EndDateTime>Apr 24 21:44 Mitteleurop[NON-UTF-8-BYTE-0xE4]ische Sommerzeit</EndDateTime>
		<EndTestTime>1713987875</EndTestTime>
		<ElapsedMinutes>0</ElapsedMinutes>
	</Testing>
</Site>
